<?xml version="1.0" encoding="UTF-8"?>
<testng-results ignored="0" total="1" passed="1" failed="0" skipped="0">
  <reporter-output>
  </reporter-output>
  <suite started-at="2023-04-24T13:34:27 IST" name="Default suite" finished-at="2023-04-24T13:35:22 IST" duration-ms="54720">
    <groups>
    </groups>
    <test started-at="2023-04-24T13:34:27 IST" name="Default test" finished-at="2023-04-24T13:35:22 IST" duration-ms="54720">
      <class name="cia2.Q2">
        <test-method signature="f()[pri:0, instance:cia2.Q2@5a45133e]" started-at="2023-04-24T13:34:27 IST" name="f" finished-at="2023-04-24T13:35:22 IST" duration-ms="54669" status="PASS">
          <reporter-output>
          </reporter-output>
        </test-method> <!-- f -->
      </class> <!-- cia2.Q2 -->
    </test> <!-- Default test -->
  </suite> <!-- Default suite -->
</testng-results>
